# JRE version: OpenJDK Runtime Environment Temurin-21.0.8+9 (21.0.8+9) (build 21.0.8+9-LTS)
# Java VM: OpenJDK 64-Bit Server VM Temurin-21.0.8+9 (21.0.8+9-LTS, mixed mode, sharing, tiered, compressed oops, compressed class ptrs, parallel gc, windows-amd64)
GC Precious Log:
 CardTable entry size: 512
 CPUs: 8 total, 8 available
 Memory: 40767M
 Large Page Support: Disabled
 NUMA Support: Disabled
 Compressed Oops: Enabled (32-bit)
 Alignments: Space 512K, Generation 512K, Heap 2M
 Heap Min Capacity: 100M
 Heap Initial Capacity: 100M
 Heap Max Capacity: 2G
 Pre-touch: Disabled
 Parallel Workers: 8
Heap:
 PSYoungGen      total 4096K, used 2106K [0x00000000d5580000, 0x00000000d5a80000, 0x0000000100000000)
  eden space 3584K, 52% used [0x00000000d5580000,0x00000000d5756b60,0x00000000d5900000)
  from space 512K, 43% used [0x00000000d5980000,0x00000000d59b8000,0x00000000d5a00000)
  to   space 512K, 0% used [0x00000000d5a00000,0x00000000d5a00000,0x00000000d5a80000)
 ParOldGen       total 215552K, used 66719K [0x0000000080000000, 0x000000008d280000, 0x00000000d5580000)
  object space 215552K, 30% used [0x0000000080000000,0x0000000084127da0,0x000000008d280000)
 Metaspace       used 68149K, committed 69696K, reserved 1114112K
  class space    used 8457K, committed 9152K, reserved 1048576K
GC Heap History (20 events):
Event: 16071.382 GC heap before
{Heap before GC invocations=203 (full 3):
 PSYoungGen      total 4608K, used 3840K [0x00000000d5580000, 0x00000000d5b80000, 0x0000000100000000)
  eden space 3584K, 100% used [0x00000000d5580000,0x00000000d5900000,0x00000000d5900000)
  from space 1024K, 25% used [0x00000000d5980000,0x00000000d59c0000,0x00000000d5a80000)
  to   space 512K, 0% used [0x00000000d5b00000,0x00000000d5b00000,0x00000000d5b80000)
 ParOldGen       total 215552K, used 62780K [0x0000000080000000, 0x000000008d280000, 0x00000000d5580000)
  object space 215552K, 29% used [0x0000000080000000,0x0000000083d4f008,0x000000008d280000)
 Metaspace       used 67694K, committed 69248K, reserved 1114112K
  class space    used 8435K, committed 9088K, reserved 1048576K
}
Event: 16071.390 GC heap after
{Heap after GC invocations=203 (full 3):
 PSYoungGen      total 4096K, used 192K [0x00000000d5580000, 0x00000000d5b80000, 0x0000000100000000)
  eden space 3584K, 0% used [0x00000000d5580000,0x00000000d5580000,0x00000000d5900000)
  from space 512K, 37% used [0x00000000d5b00000,0x00000000d5b30000,0x00000000d5b80000)
  to   space 512K, 0% used [0x00000000d5a80000,0x00000000d5a80000,0x00000000d5b00000)
 ParOldGen       total 215552K, used 62900K [0x0000000080000000, 0x000000008d280000, 0x00000000d5580000)
  object space 215552K, 29% used [0x0000000080000000,0x0000000083d6d008,0x000000008d280000)
 Metaspace       used 67694K, committed 69248K, reserved 1114112K
  class space    used 8435K, committed 9088K, reserved 1048576K
}
Event: 48129.771 GC heap before
{Heap before GC invocations=204 (full 3):
 PSYoungGen      total 4096K, used 3776K [0x00000000d5580000, 0x00000000d5b80000, 0x0000000100000000)
  eden space 3584K, 100% used [0x00000000d5580000,0x00000000d5900000,0x00000000d5900000)
  from space 512K, 37% used [0x00000000d5b00000,0x00000000d5b30000,0x00000000d5b80000)
  to   space 512K, 0% used [0x00000000d5a80000,0x00000000d5a80000,0x00000000d5b00000)
 ParOldGen       total 215552K, used 62900K [0x0000000080000000, 0x000000008d280000, 0x00000000d5580000)
  object space 215552K, 29% used [0x0000000080000000,0x0000000083d6d008,0x000000008d280000)
 Metaspace       used 67857K, committed 69376K, reserved 1114112K
  class space    used 8450K, committed 9088K, reserved 1048576K
}
Event: 48129.782 GC heap after
{Heap after GC invocations=204 (full 3):
 PSYoungGen      total 4096K, used 256K [0x00000000d5580000, 0x00000000d5b80000, 0x0000000100000000)
  eden space 3584K, 0% used [0x00000000d5580000,0x00000000d5580000,0x00000000d5900000)
  from space 512K, 50% used [0x00000000d5a80000,0x00000000d5ac0000,0x00000000d5b00000)
  to   space 512K, 0% used [0x00000000d5b00000,0x00000000d5b00000,0x00000000d5b80000)
 ParOldGen       total 215552K, used 62956K [0x0000000080000000, 0x000000008d280000, 0x00000000d5580000)
  object space 215552K, 29% used [0x0000000080000000,0x0000000083d7b008,0x000000008d280000)
 Metaspace       used 67857K, committed 69376K, reserved 1114112K
  class space    used 8450K, committed 9088K, reserved 1048576K
}
Event: 99989.406 GC heap before
{Heap before GC invocations=205 (full 3):
 PSYoungGen      total 4096K, used 3840K [0x00000000d5580000, 0x00000000d5b80000, 0x0000000100000000)
  eden space 3584K, 100% used [0x00000000d5580000,0x00000000d5900000,0x00000000d5900000)
  from space 512K, 50% used [0x00000000d5a80000,0x00000000d5ac0000,0x00000000d5b00000)
  to   space 512K, 0% used [0x00000000d5b00000,0x00000000d5b00000,0x00000000d5b80000)
 ParOldGen       total 215552K, used 62956K [0x0000000080000000, 0x000000008d280000, 0x00000000d5580000)
  object space 215552K, 29% used [0x0000000080000000,0x0000000083d7b008,0x000000008d280000)
 Metaspace       used 67952K, committed 69504K, reserved 1114112K
  class space    used 8456K, committed 9152K, reserved 1048576K
}
Event: 99989.419 GC heap after
{Heap after GC invocations=205 (full 3):
 PSYoungGen      total 4096K, used 503K [0x00000000d5580000, 0x00000000d5c00000, 0x0000000100000000)
  eden space 3584K, 0% used [0x00000000d5580000,0x00000000d5580000,0x00000000d5900000)
  from space 512K, 98% used [0x00000000d5b00000,0x00000000d5b7de90,0x00000000d5b80000)
  to   space 1536K, 0% used [0x00000000d5900000,0x00000000d5900000,0x00000000d5a80000)
 ParOldGen       total 215552K, used 63516K [0x0000000080000000, 0x000000008d280000, 0x00000000d5580000)
  object space 215552K, 29% used [0x0000000080000000,0x0000000083e07008,0x000000008d280000)
 Metaspace       used 67952K, committed 69504K, reserved 1114112K
  class space    used 8456K, committed 9152K, reserved 1048576K
}
Event: 99989.433 GC heap before
{Heap before GC invocations=206 (full 3):
 PSYoungGen      total 4096K, used 4087K [0x00000000d5580000, 0x00000000d5c00000, 0x0000000100000000)
  eden space 3584K, 100% used [0x00000000d5580000,0x00000000d5900000,0x00000000d5900000)
  from space 512K, 98% used [0x00000000d5b00000,0x00000000d5b7de90,0x00000000d5b80000)
  to   space 1536K, 0% used [0x00000000d5900000,0x00000000d5900000,0x00000000d5a80000)
 ParOldGen       total 215552K, used 63516K [0x0000000080000000, 0x000000008d280000, 0x00000000d5580000)
  object space 215552K, 29% used [0x0000000080000000,0x0000000083e07008,0x000000008d280000)
 Metaspace       used 67954K, committed 69504K, reserved 1114112K
  class space    used 8456K, committed 9152K, reserved 1048576K
}
Event: 99989.438 GC heap after
{Heap after GC invocations=206 (full 3):
 PSYoungGen      total 5120K, used 1184K [0x00000000d5580000, 0x00000000d5c00000, 0x0000000100000000)
  eden space 3584K, 0% used [0x00000000d5580000,0x00000000d5580000,0x00000000d5900000)
  from space 1536K, 77% used [0x00000000d5900000,0x00000000d5a28000,0x00000000d5a80000)
  to   space 1536K, 0% used [0x00000000d5a80000,0x00000000d5a80000,0x00000000d5c00000)
 ParOldGen       total 215552K, used 63907K [0x0000000080000000, 0x000000008d280000, 0x00000000d5580000)
  object space 215552K, 29% used [0x0000000080000000,0x0000000083e68e98,0x000000008d280000)
 Metaspace       used 67954K, committed 69504K, reserved 1114112K
  class space    used 8456K, committed 9152K, reserved 1048576K
}
Event: 99989.446 GC heap before
{Heap before GC invocations=207 (full 3):
 PSYoungGen      total 5120K, used 4768K [0x00000000d5580000, 0x00000000d5c00000, 0x0000000100000000)
  eden space 3584K, 100% used [0x00000000d5580000,0x00000000d5900000,0x00000000d5900000)
  from space 1536K, 77% used [0x00000000d5900000,0x00000000d5a28000,0x00000000d5a80000)
  to   space 1536K, 0% used [0x00000000d5a80000,0x00000000d5a80000,0x00000000d5c00000)
 ParOldGen       total 215552K, used 63907K [0x0000000080000000, 0x000000008d280000, 0x00000000d5580000)
  object space 215552K, 29% used [0x0000000080000000,0x0000000083e68e98,0x000000008d280000)
 Metaspace       used 67954K, committed 69504K, reserved 1114112K
  class space    used 8456K, committed 9152K, reserved 1048576K
}
Event: 99989.453 GC heap after
{Heap after GC invocations=207 (full 3):
 PSYoungGen      total 5120K, used 1184K [0x00000000d5580000, 0x00000000d5c00000, 0x0000000100000000)
  eden space 3584K, 0% used [0x00000000d5580000,0x00000000d5580000,0x00000000d5900000)
  from space 1536K, 77% used [0x00000000d5a80000,0x00000000d5ba8000,0x00000000d5c00000)
  to   space 1536K, 0% used [0x00000000d5900000,0x00000000d5900000,0x00000000d5a80000)
 ParOldGen       total 215552K, used 64931K [0x0000000080000000, 0x000000008d280000, 0x00000000d5580000)
  object space 215552K, 30% used [0x0000000080000000,0x0000000083f68e98,0x000000008d280000)
 Metaspace       used 67954K, committed 69504K, reserved 1114112K
  class space    used 8456K, committed 9152K, reserved 1048576K
}
Event: 99989.503 GC heap before
{Heap before GC invocations=208 (full 3):
 PSYoungGen      total 5120K, used 4768K [0x00000000d5580000, 0x00000000d5c00000, 0x0000000100000000)
  eden space 3584K, 100% used [0x00000000d5580000,0x00000000d5900000,0x00000000d5900000)
  from space 1536K, 77% used [0x00000000d5a80000,0x00000000d5ba8000,0x00000000d5c00000)
  to   space 1536K, 0% used [0x00000000d5900000,0x00000000d5900000,0x00000000d5a80000)
 ParOldGen       total 215552K, used 64931K [0x0000000080000000, 0x000000008d280000, 0x00000000d5580000)
  object space 215552K, 30% used [0x0000000080000000,0x0000000083f68e98,0x000000008d280000)
 Metaspace       used 67954K, committed 69504K, reserved 1114112K
  class space    used 8456K, committed 9152K, reserved 1048576K
}
Event: 99989.513 GC heap after
{Heap after GC invocations=208 (full 3):
 PSYoungGen      total 4608K, used 710K [0x00000000d5580000, 0x00000000d5b00000, 0x0000000100000000)
  eden space 3584K, 0% used [0x00000000d5580000,0x00000000d5580000,0x00000000d5900000)
  from space 1024K, 69% used [0x00000000d5900000,0x00000000d59b1b10,0x00000000d5a00000)
  to   space 1024K, 0% used [0x00000000d5a00000,0x00000000d5a00000,0x00000000d5b00000)
 ParOldGen       total 215552K, used 66075K [0x0000000080000000, 0x000000008d280000, 0x00000000d5580000)
  object space 215552K, 30% used [0x0000000080000000,0x0000000084086e98,0x000000008d280000)
 Metaspace       used 67954K, committed 69504K, reserved 1114112K
  class space    used 8456K, committed 9152K, reserved 1048576K
}
Event: 142507.827 GC heap before
{Heap before GC invocations=209 (full 3):
 PSYoungGen      total 4608K, used 4294K [0x00000000d5580000, 0x00000000d5b00000, 0x0000000100000000)
  eden space 3584K, 99% used [0x00000000d5580000,0x00000000d58ffec8,0x00000000d5900000)
  from space 1024K, 69% used [0x00000000d5900000,0x00000000d59b1b10,0x00000000d5a00000)
  to   space 1024K, 0% used [0x00000000d5a00000,0x00000000d5a00000,0x00000000d5b00000)
 ParOldGen       total 215552K, used 66075K [0x0000000080000000, 0x000000008d280000, 0x00000000d5580000)
  object space 215552K, 30% used [0x0000000080000000,0x0000000084086e98,0x000000008d280000)
 Metaspace       used 67964K, committed 69504K, reserved 1114112K
  class space    used 8456K, committed 9152K, reserved 1048576K
}
Event: 142507.856 GC heap after
{Heap after GC invocations=209 (full 3):
 PSYoungGen      total 4096K, used 224K [0x00000000d5580000, 0x00000000d5a80000, 0x0000000100000000)
  eden space 3584K, 0% used [0x00000000d5580000,0x00000000d5580000,0x00000000d5900000)
  from space 512K, 43% used [0x00000000d5a00000,0x00000000d5a38000,0x00000000d5a80000)
  to   space 512K, 0% used [0x00000000d5980000,0x00000000d5980000,0x00000000d5a00000)
 ParOldGen       total 215552K, used 66623K [0x0000000080000000, 0x000000008d280000, 0x00000000d5580000)
  object space 215552K, 30% used [0x0000000080000000,0x000000008410fda0,0x000000008d280000)
 Metaspace       used 67964K, committed 69504K, reserved 1114112K
  class space    used 8456K, committed 9152K, reserved 1048576K
}
Event: 181756.200 GC heap before
{Heap before GC invocations=210 (full 3):
 PSYoungGen      total 4096K, used 3798K [0x00000000d5580000, 0x00000000d5a80000, 0x0000000100000000)
  eden space 3584K, 99% used [0x00000000d5580000,0x00000000d58fd848,0x00000000d5900000)
  from space 512K, 43% used [0x00000000d5a00000,0x00000000d5a38000,0x00000000d5a80000)
  to   space 512K, 0% used [0x00000000d5980000,0x00000000d5980000,0x00000000d5a00000)
 ParOldGen       total 215552K, used 66623K [0x0000000080000000, 0x000000008d280000, 0x00000000d5580000)
  object space 215552K, 30% used [0x0000000080000000,0x000000008410fda0,0x000000008d280000)
 Metaspace       used 68041K, committed 69568K, reserved 1114112K
  class space    used 8456K, committed 9152K, reserved 1048576K
}
Event: 181756.207 GC heap after
{Heap after GC invocations=210 (full 3):
 PSYoungGen      total 4096K, used 224K [0x00000000d5580000, 0x00000000d5a80000, 0x0000000100000000)
  eden space 3584K, 0% used [0x00000000d5580000,0x00000000d5580000,0x00000000d5900000)
  from space 512K, 43% used [0x00000000d5980000,0x00000000d59b8000,0x00000000d5a00000)
  to   space 512K, 0% used [0x00000000d5a00000,0x00000000d5a00000,0x00000000d5a80000)
 ParOldGen       total 215552K, used 66647K [0x0000000080000000, 0x000000008d280000, 0x00000000d5580000)
  object space 215552K, 30% used [0x0000000080000000,0x0000000084115da0,0x000000008d280000)
 Metaspace       used 68041K, committed 69568K, reserved 1114112K
  class space    used 8456K, committed 9152K, reserved 1048576K
}
Event: 257600.107 GC heap before
{Heap before GC invocations=211 (full 3):
 PSYoungGen      total 4096K, used 3807K [0x00000000d5580000, 0x00000000d5a80000, 0x0000000100000000)
  eden space 3584K, 99% used [0x00000000d5580000,0x00000000d58fffd8,0x00000000d5900000)
  from space 512K, 43% used [0x00000000d5980000,0x00000000d59b8000,0x00000000d5a00000)
  to   space 512K, 0% used [0x00000000d5a00000,0x00000000d5a00000,0x00000000d5a80000)
 ParOldGen       total 215552K, used 66647K [0x0000000080000000, 0x000000008d280000, 0x00000000d5580000)
  object space 215552K, 30% used [0x0000000080000000,0x0000000084115da0,0x000000008d280000)
 Metaspace       used 68089K, committed 69696K, reserved 1114112K
  class space    used 8456K, committed 9152K, reserved 1048576K
}
Event: 257600.119 GC heap after
{Heap after GC invocations=211 (full 3):
 PSYoungGen      total 4096K, used 192K [0x00000000d5580000, 0x00000000d5a80000, 0x0000000100000000)
  eden space 3584K, 0% used [0x00000000d5580000,0x00000000d5580000,0x00000000d5900000)
  from space 512K, 37% used [0x00000000d5a00000,0x00000000d5a30000,0x00000000d5a80000)
  to   space 512K, 0% used [0x00000000d5980000,0x00000000d5980000,0x00000000d5a00000)
 ParOldGen       total 215552K, used 66679K [0x0000000080000000, 0x000000008d280000, 0x00000000d5580000)
  object space 215552K, 30% used [0x0000000080000000,0x000000008411dda0,0x000000008d280000)
 Metaspace       used 68089K, committed 69696K, reserved 1114112K
  class space    used 8456K, committed 9152K, reserved 1048576K
}
Event: 334392.157 GC heap before
{Heap before GC invocations=212 (full 3):
 PSYoungGen      total 4096K, used 3776K [0x00000000d5580000, 0x00000000d5a80000, 0x0000000100000000)
  eden space 3584K, 100% used [0x00000000d5580000,0x00000000d5900000,0x00000000d5900000)
  from space 512K, 37% used [0x00000000d5a00000,0x00000000d5a30000,0x00000000d5a80000)
  to   space 512K, 0% used [0x00000000d5980000,0x00000000d5980000,0x00000000d5a00000)
 ParOldGen       total 215552K, used 66679K [0x0000000080000000, 0x000000008d280000, 0x00000000d5580000)
  object space 215552K, 30% used [0x0000000080000000,0x000000008411dda0,0x000000008d280000)
 Metaspace       used 68120K, committed 69696K, reserved 1114112K
  class space    used 8456K, committed 9152K, reserved 1048576K
}
Event: 334392.169 GC heap after
{Heap after GC invocations=212 (full 3):
 PSYoungGen      total 4096K, used 224K [0x00000000d5580000, 0x00000000d5a80000, 0x0000000100000000)
  eden space 3584K, 0% used [0x00000000d5580000,0x00000000d5580000,0x00000000d5900000)
  from space 512K, 43% used [0x00000000d5980000,0x00000000d59b8000,0x00000000d5a00000)
  to   space 512K, 0% used [0x00000000d5a00000,0x00000000d5a00000,0x00000000d5a80000)
 ParOldGen       total 215552K, used 66719K [0x0000000080000000, 0x000000008d280000, 0x00000000d5580000)
  object space 215552K, 30% used [0x0000000080000000,0x0000000084127da0,0x000000008d280000)
 Metaspace       used 68120K, committed 69696K, reserved 1114112K
  class space    used 8456K, committed 9152K, reserved 1048576K
}

